#
# A fatal error has been detected by the Java Runtime Environment:
#
#  EXCEPTION_ACCESS_VIOLATION (0xc0000005) at pc=0x0000000068e6a6a5, pid=7408, tid=2588
#
# JRE version: Java(TM) SE Runtime Environment (8.0_31-b13) (build 1.8.0_31-b13)
# Java VM: Java HotSpot(TM) 64-Bit Server VM (25.31-b07 mixed mode windows-amd64 compressed oops)
# Problematic frame:
# V  [jvm.dll+0x11a6a5]
#
# Failed to write core dump. Minidumps are not enabled by default on client versions of Windows
#
# If you would like to submit a bug report, please visit:
#   http://bugreport.java.com/bugreport/crash.jsp
#

---------------  T H R E A D  ---------------

Current thread (0x000000001b0f8800):  JavaThread "JDWP Transport Listener: dt_socket" daemon [_thread_in_vm, id=2588, stack(0x000000001b8c0000,0x000000001b9c0000)]

siginfo: ExceptionCode=0xc0000005, reading address 0xffffffffffffffff

Registers:
RAX=0x000000001b9bf701, RBX=0x000000001b0f8800, RCX=0x6d656c45003b6e6f, RDX=0x0000000000000000
RSP=0x000000001b9bf6c0, RBP=0x6d656c45003b6e6f, RSI=0x000000001b9bf7d8, RDI=0x000000000073a8c0
R8 =0x000000001b0f8800, R9 =0x00000daa00260009, R10=0x0000000000000000, R11=0x000000001b9bf97f
R12=0x0000000000000000, R13=0x0000000019b3bbb8, R14=0x0000000000000000, R15=0x0000000000000000
RIP=0x0000000068e6a6a5, EFLAGS=0x0000000000010206

Top of Stack: (sp=0x000000001b9bf6c0)
0x000000001b9bf6c0:   000000001b0f8800 000000001b0f8800
0x000000001b9bf6d0:   000000001b9bf788 0000000069067c1b
0x000000001b9bf6e0:   000000001b0f8800 000000006908447d
0x000000001b9bf6f0:   0000000000000000 0000000051ca9149
0x000000001b9bf700:   0000000019ada8e8 0000000051cb2912
0x000000001b9bf710:   000000001b0f8800 0000000000000000
0x000000001b9bf720:   0000000000000000 0000000000000000
0x000000001b9bf730:   6d656c45003b6e6f 0000000051cb1a09
0x000000001b9bf740:   000000001b9bf7d8 000000001b9bf7b0
0x000000001b9bf750:   0000000000000001 0000000019ada8e8
0x000000001b9bf760:   6d656c45003b6e6f 0000000051c953b3
0x000000001b9bf770:   000000001b9bf8a0 0000000000000001
0x000000001b9bf780:   0000000000000001 0000000019ada8e8
0x000000001b9bf790:   0000000000000009 0000000000000000
0x000000001b9bf7a0:   0000000000000000 0000000000000000
0x000000001b9bf7b0:   0000000000000001 0000000051c95571 

Instructions: (pc=0x0000000068e6a6a5)
0x0000000068e6a685:   cc cc cc cc cc cc cc cc cc cc cc 48 83 ec 28 48
0x0000000068e6a695:   85 c9 75 07 33 c0 48 83 c4 28 c3 48 89 5c 24 20
0x0000000068e6a6a5:   48 8b 19 48 85 db 74 20 48 83 fb 37 74 1a 48 8b
0x0000000068e6a6b5:   13 48 8b cb ff 52 10 84 c0 74 0d 48 8b c3 48 8b 


Register to memory mapping:

RAX=0x000000001b9bf701 is pointing into the stack for thread: 0x000000001b0f8800
RBX=0x000000001b0f8800 is a thread
RCX=0x6d656c45003b6e6f is an unknown value
RDX=0x0000000000000000 is an unknown value
RSP=0x000000001b9bf6c0 is pointing into the stack for thread: 0x000000001b0f8800
RBP=0x6d656c45003b6e6f is an unknown value
RSI=0x000000001b9bf7d8 is pointing into the stack for thread: 0x000000001b0f8800
RDI=0x000000000073a8c0 is an unknown value
R8 =0x000000001b0f8800 is a thread
R9 =0x00000daa00260009 is an unknown value
R10=0x0000000000000000 is an unknown value
R11=0x000000001b9bf97f is pointing into the stack for thread: 0x000000001b0f8800
R12=0x0000000000000000 is an unknown value
R13=0x0000000019b3bbb8 is an unknown value
R14=0x0000000000000000 is an unknown value
R15=0x0000000000000000 is an unknown value


Stack: [0x000000001b8c0000,0x000000001b9c0000],  sp=0x000000001b9bf6c0,  free space=1021k
Native frames: (J=compiled Java code, j=interpreted, Vv=VM code, C=native code)
V  [jvm.dll+0x11a6a5]
V  [jvm.dll+0x33447d]
C  [jdwp.dll+0x21a09]
C  [jdwp.dll+0x53b3]
C  [jdwp.dll+0x5571]
C  [jdwp.dll+0xf09c]
C  [jdwp.dll+0x1f2c9]
C  [jdwp.dll+0x1f49e]
V  [jvm.dll+0x1ac128]
V  [jvm.dll+0x22c194]
V  [jvm.dll+0x28576a]
C  [msvcr100.dll+0x21d9f]
C  [msvcr100.dll+0x21e3b]
C  [kernel32.dll+0x159ed]
C  [ntdll.dll+0x2c541]


---------------  P R O C E S S  ---------------

Java Threads: ( => current thread )
  0x000000001b183000 JavaThread "Service Thread" daemon [_thread_blocked, id=7972, stack(0x000000001c330000,0x000000001c430000)]
  0x000000001b117800 JavaThread "C1 CompilerThread2" daemon [_thread_blocked, id=5044, stack(0x000000001c130000,0x000000001c230000)]
  0x000000001b113000 JavaThread "C2 CompilerThread1" daemon [_thread_blocked, id=3640, stack(0x000000001bea0000,0x000000001bfa0000)]
  0x000000001b10d000 JavaThread "C2 CompilerThread0" daemon [_thread_blocked, id=5740, stack(0x000000001c000000,0x000000001c100000)]
  0x000000001b0ff800 JavaThread "JDWP Command Reader" daemon [_thread_in_native, id=6268, stack(0x000000001bcc0000,0x000000001bdc0000)]
  0x0000000019b3f000 JavaThread "JDWP Event Helper Thread" daemon [_thread_blocked, id=1828, stack(0x000000001baa0000,0x000000001bba0000)]
=>0x000000001b0f8800 JavaThread "JDWP Transport Listener: dt_socket" daemon [_thread_in_vm, id=2588, stack(0x000000001b8c0000,0x000000001b9c0000)]
  0x0000000019b35800 JavaThread "Attach Listener" daemon [_thread_blocked, id=5912, stack(0x000000001aef0000,0x000000001aff0000)]
  0x0000000019b34800 JavaThread "Signal Dispatcher" daemon [_thread_blocked, id=1056, stack(0x000000001b520000,0x000000001b620000)]
  0x0000000019ad6000 JavaThread "Finalizer" daemon [_thread_blocked, id=6800, stack(0x000000001aff0000,0x000000001b0f0000)]
  0x0000000019acc800 JavaThread "Reference Handler" daemon [_thread_blocked, id=4328, stack(0x000000001ad50000,0x000000001ae50000)]
  0x000000000073f000 JavaThread "main" [_thread_blocked, id=2600, stack(0x0000000002620000,0x0000000002720000)]

Other Threads:
  0x0000000019ac9000 VMThread [stack: 0x000000001ac30000,0x000000001ad30000] [id=4072]
  0x000000001b186000 WatcherThread [stack: 0x000000001c570000,0x000000001c670000] [id=7032]

VM state:not at safepoint (normal execution)

VM Mutex/Monitor currently owned by a thread: None

Heap:
 PSYoungGen      total 57344K, used 2949K [0x0000000780980000, 0x0000000784980000, 0x00000007c0000000)
  eden space 49152K, 6% used [0x0000000780980000,0x0000000780c61548,0x0000000783980000)
  from space 8192K, 0% used [0x0000000784180000,0x0000000784180000,0x0000000784980000)
  to   space 8192K, 0% used [0x0000000783980000,0x0000000783980000,0x0000000784180000)
 ParOldGen       total 131072K, used 0K [0x0000000701c00000, 0x0000000709c00000, 0x0000000780980000)
  object space 131072K, 0% used [0x0000000701c00000,0x0000000701c00000,0x0000000709c00000)
 Metaspace       used 2484K, capacity 4498K, committed 4864K, reserved 1056768K
  class space    used 268K, capacity 386K, committed 512K, reserved 1048576K

Card table byte_map: [0x0000000011db0000,0x00000000123b0000] byte_map_base: 0x000000000e5a2000

Marking Bits: (ParMarkBitMap*) 0x000000006952d4f0
 Begin Bits: [0x0000000012c20000, 0x0000000015bb0000)
 End Bits:   [0x0000000015bb0000, 0x0000000018b40000)

Polling page: 0x0000000000240000

CodeCache: size=245760Kb used=1087Kb max_used=1087Kb free=244672Kb
 bounds [0x00000000029f0000, 0x0000000002c60000, 0x00000000119f0000]
 total_blobs=237 nmethods=20 adapters=140
 compilation: enabled

Compilation events (10 events):
Event: 0.119 Thread 0x000000001b117800   15       3       java.lang.Math::min (11 bytes)
Event: 0.119 Thread 0x000000001b117800 nmethod 15 0x0000000002afcb90 code [0x0000000002afcce0, 0x0000000002afce70]
Event: 0.119 Thread 0x000000001b117800   17       3       java.lang.String::getChars (62 bytes)
Event: 0.120 Thread 0x000000001b117800 nmethod 17 0x0000000002afced0 code [0x0000000002afd0a0, 0x0000000002afd558]
Event: 0.120 Thread 0x000000001b117800   18       3       java.lang.String::indexOf (166 bytes)
Event: 0.121 Thread 0x000000001b117800 nmethod 18 0x0000000002afda50 code [0x0000000002afdc00, 0x0000000002afe250]
Event: 0.124 Thread 0x000000001b117800   19       3       java.lang.String::equals (81 bytes)
Event: 0.124 Thread 0x000000001b117800 nmethod 19 0x0000000002afec50 code [0x0000000002afede0, 0x0000000002aff350]
Event: 0.127 Thread 0x000000001b117800   20       3       java.lang.AbstractStringBuilder::append (50 bytes)
Event: 0.127 Thread 0x000000001b117800 nmethod 20 0x0000000002aff550 code [0x0000000002aff6e0, 0x0000000002affc08]

GC Heap History (0 events):
No events

Deoptimization events (0 events):
No events

Internal exceptions (3 events):
Event: 0.025 Thread 0x000000000073f000 Exception <a 'java/lang/NoSuchMethodError': Method sun.misc.Unsafe.defineClass(Ljava/lang/String;[BII)Ljava/lang/Class; name or signature does not match> (0x000000078098ccc0) thrown at [C:\workspace\8-2-build-windows-amd64-cygwin\jdk8u31\2394\hotspot\src\s)TˆP"¹™?
Event: 0.025 Thread 0x000000000073f000 Exception <a 'java/lang/NoSuchMethodError': Method sun.misc.Unsafe.prefetchRead(Ljava/lang/Object;J)V name or signature does not match> (0x000000078098cf50) thrown at [C:\workspace\8-2-build-windows-amd64-cygwin\jdk8u31\2394\hotspot\src\share\vm\prims\jni.8©f¯e¬¾?
Event: 0.120 Thread 0x000000000073f000 Exception <a 'java/security/PrivilegedActionException'> (0x00000007809e1048) thrown at [C:\workspace\8-2-build-windows-amd64-cygwin\jdk8u31\2394\hotspot\src\share\vm\prims\jvm.cpp, line 1312]

Events (10 events):
Event: 747.951 Executing VM operation: GetCurrentLocation
Event: 747.952 Executing VM operation: GetCurrentLocation done
Event: 747.952 Executing VM operation: EnterInterpOnlyMode
Event: 747.952 Executing VM operation: EnterInterpOnlyMode done
Event: 747.952 Executing VM operation: ChangeSingleStep
Event: 747.952 Executing VM operation: ChangeSingleStep done
Event: 747.952 Executing VM operation: ChangeSingleStep
Event: 747.952 Executing VM operation: ChangeSingleStep done
Event: 747.955 Executing VM operation: RedefineClasses
Event: 747.955 Executing VM operation: RedefineClasses done


Dynamic libraries:
0x000000013f900000 - 0x000000013f934000 	C:\Program Files\Java\jdk1.8.0_31\jre\bin\javaw.exe
0x0000000077040000 - 0x00000000771e9000 	C:\Windows\SYSTEM32\ntdll.dll
0x0000000076f20000 - 0x000000007703f000 	C:\Windows\system32\kernel32.dll
0x000007fefce20000 - 0x000007fefce8c000 	C:\Windows\system32\KERNELBASE.dll
0x0000000074b00000 - 0x0000000074b95000 	C:\Windows\System32\SYSFER.DLL
0x000007fefd2c0000 - 0x000007fefd39b000 	C:\Windows\system32\ADVAPI32.dll
0x000007feff010000 - 0x000007feff0af000 	C:\Windows\system32\msvcrt.dll
0x000007fefd1c0000 - 0x000007fefd1df000 	C:\Windows\SYSTEM32\sechost.dll
0x000007feff150000 - 0x000007feff27d000 	C:\Windows\system32\RPCRT4.dll
0x0000000076e20000 - 0x0000000076f1a000 	C:\Windows\system32\USER32.dll
0x000007fefd3a0000 - 0x000007fefd407000 	C:\Windows\system32\GDI32.dll
0x000007fefda40000 - 0x000007fefda4e000 	C:\Windows\system32\LPK.dll
0x000007feff280000 - 0x000007feff349000 	C:\Windows\system32\USP10.dll
0x000007fefb670000 - 0x000007fefb864000 	C:\Windows\WinSxS\amd64_microsoft.windows.common-controls_6595b64144ccf1df_6.0.7601.17514_none_fa396087175ac9ac\COMCTL32.dll
0x000007fefdab0000 - 0x000007fefdb21000 	C:\Windows\system32\SHLWAPI.dll
0x000007fefeda0000 - 0x000007fefedce000 	C:\Windows\system32\IMM32.DLL
0x000007fefd930000 - 0x000007fefda39000 	C:\Windows\system32\MSCTF.dll
0x000000006ad60000 - 0x000000006ae32000 	C:\Program Files\Java\jdk1.8.0_31\jre\bin\msvcr100.dll
0x0000000068d50000 - 0x00000000695aa000 	C:\Program Files\Java\jdk1.8.0_31\jre\bin\server\jvm.dll
0x000007fefc240000 - 0x000007fefc249000 	C:\Windows\system32\WSOCK32.dll
0x000007fefede0000 - 0x000007fefee2d000 	C:\Windows\system32\WS2_32.dll
0x000007fefedd0000 - 0x000007fefedd8000 	C:\Windows\system32\NSI.dll
0x000007fefa150000 - 0x000007fefa18b000 	C:\Windows\system32\WINMM.dll
0x0000000077210000 - 0x0000000077217000 	C:\Windows\system32\PSAPI.DLL
0x000000006c450000 - 0x000000006c45f000 	C:\Program Files\Java\jdk1.8.0_31\jre\bin\verify.dll
0x000000006c420000 - 0x000000006c448000 	C:\Program Files\Java\jdk1.8.0_31\jre\bin\java.dll
0x0000000051c90000 - 0x0000000051cc5000 	C:\Program Files\Java\jdk1.8.0_31\jre\bin\jdwp.dll
0x000000006b4c0000 - 0x000000006b4c8000 	C:\Program Files\Java\jdk1.8.0_31\jre\bin\npt.dll
0x000000006c3e0000 - 0x000000006c3f6000 	C:\Program Files\Java\jdk1.8.0_31\jre\bin\zip.dll
0x000007fefdbd0000 - 0x000007fefe958000 	C:\Windows\system32\SHELL32.dll
0x000007fefea00000 - 0x000007fefec03000 	C:\Windows\system32\ole32.dll
0x000007fefce10000 - 0x000007fefce1f000 	C:\Windows\system32\profapi.dll
0x000000006b4d0000 - 0x000000006b4d9000 	C:\Program Files\Java\jdk1.8.0_31\jre\bin\dt_socket.dll
0x000007fefa4f0000 - 0x000007fefa505000 	C:\Windows\system32\NLAapi.dll
0x000007fef9150000 - 0x000007fef9165000 	C:\Windows\system32\napinsp.dll
0x000007fef9110000 - 0x000007fef9129000 	C:\Windows\system32\pnrpnsp.dll
0x000007fefc5a0000 - 0x000007fefc5f5000 	C:\Windows\System32\mswsock.dll
0x000007fefc420000 - 0x000007fefc47b000 	C:\Windows\system32\DNSAPI.dll
0x000007fef9140000 - 0x000007fef914b000 	C:\Windows\System32\winrnr.dll
0x000007fef9c00000 - 0x000007fef9c27000 	C:\Windows\system32\IPHLPAPI.DLL
0x000007fef9bf0000 - 0x000007fef9bfb000 	C:\Windows\system32\WINNSI.DLL
0x000007fef9ab0000 - 0x000007fef9b03000 	C:\Windows\System32\fwpuclnt.dll
0x000007fef91c0000 - 0x000007fef91c8000 	C:\Windows\system32\rasadhlp.dll
0x000007fefbe40000 - 0x000007fefbe47000 	C:\Windows\System32\wshtcpip.dll
0x000007fefa3a0000 - 0x000007fefa4c5000 	C:\Windows\system32\dbghelp.dll

VM Arguments:
jvm_args: -agentlib:jdwp=transport=dt_socket,suspend=y,address=localhost:57719 -Dfile.encoding=Cp1252 
java_command: maximalRectangle.Solution
java_class_path (initial): D:\study\leet\bin
Launcher Type: SUN_STANDARD

Environment Variables:
JAVA_HOME=C:\Program Files\Java\jdk1.8.0_31
PATH=C:\Program Files\Java\jdk1.8.0_31\jre\bin;C:/Program Files/Java/jre1.8.0_31/bin/server;C:/Program Files/Java/jre1.8.0_31/bin;C:/Program Files/Java/jre1.8.0_31/lib/amd64;C:\ProgramData\Oracle\Java\javapath;C:\tools\hadoop-2.5.1\bin;C:\tools\gradle-2.2\bin;d:\tools\apache-maven-3.2.3\bin;C:\tools\gdb-7.4-python2.6-amd64\bin;C:\Go\bin;C:\Program Files (x86)\gs\gs9.09\bin;C:\Program Files\ImageMagick-6.8.9-Q16;D:\study\go\bin;C:\Go\\bin;C:\tools\mongodb-win32-x86_64-2.2.3\bin;C:\Program Files\Java\jdk1.8.0_31\bin;C:\Program Files (x86)\WANdisco\Subversion;C:\Windows\system32;C:\Windows;C:\Windows\System32\Wbem;C:\Windows\System32\WindowsPowerShell\v1.0\;C:\Program Files (x86)\ATI Technologies\ATI.ACE\Core-Static;c:\Program Files\Intel\DMIX;C:\Program Files (x86)\Intel\Services\IPT\;C:\Program Files (x86)\NTRU Cryptosystems\NTRU TCG Software Stack\bin\;C:\Program Files\NTRU Cryptosystems\NTRU TCG Software Stack\bin\;C:\Program Files (x86)\nodejs\;C:\Program Files (x86)\Calibre2\;c:\tools\play-1.2.4;C:\Program Files\Mercurial\;C:\Program Files (x86)\Microsoft Visual Studio 10.0\Common7\IDE\PrivateAssemblies\;C:\Program Files (x86)\Git\cmd;C:\Program Files (x86)\QuickTime\QTSystem\;C:\Program Files (x86)\Bazaar;C:\Program Files (x86)\Microsoft SQL Server\110\Tools\Binn\;C:\Program Files (x86)\Microsoft SQL Server\110\DTS\Binn\;C:\Program Files (x86)\Microsoft SQL Server\110\Tools\Binn\ManagementStudio\;C:\Program Files\Microsoft SQL Server\110\Tools\Binn\;C:\Program Files (x86)\QuickTime\QTSystem\;c:\Program Files\Microsoft SQL Server\110\DTS\Binn\;c:\Program Files (x86)\Microsoft SQL Server\110\Tools\Binn\ManagementStudio\;c:\Program Files (x86)\Microsoft SQL Server\110\Tools\Binn\;c:\Program Files (x86)\Microsoft Visual Studio 10.0\Common7\IDE\PrivateAssemblies\;c:\Program Files (x86)\Microsoft SQL Server\110\DTS\Binn\;C:\Program Files\TortoiseSVN\bin;C:\Anaconda;C:\Anaconda\Scripts;C:\Program Files\nodejs\;C:\Users\kai\AppData\Roaming\npm;C:\tools\eclipse;
USERNAME=kai
OS=Windows_NT
PROCESSOR_IDENTIFIER=Intel64 Family 6 Model 42 Stepping 7, GenuineIntel



---------------  S Y S T E M  ---------------

OS: Windows 7 , 64 bit Build 7601 Service Pack 1

CPU:total 4 (4 cores per cpu, 1 threads per core) family 6 model 42 stepping 7, cmov, cx8, fxsr, mmx, sse, sse2, sse3, ssse3, sse4.1, sse4.2, popcnt, avx, aes, clmul, tsc, tscinvbit

Memory: 4k page, physical 12460988k(5182468k free), swap 24920120k(15792068k free)

vm_info: Java HotSpot(TM) 64-Bit Server VM (25.31-b07) for windows-amd64 JRE (1.8.0_31-b13), built on Dec 17 2014 21:00:28 by "java_re" with MS VC++ 10.0 (VS2010)

time: Wed Feb 25 10:27:17 2015
elapsed time: 748 seconds (0d 0h 12m 28s)

